<?xml version="1.0" encoding="UTF-8"?>
<!-- Generated by org.testng.reporters.JUnitXMLReporter -->
<testsuite hostname="ip-172-31-31-246" ignored="0" name="Default test" tests="3" failures="0" timestamp="2023-06-03T06:42:48 UTC" time="18.564" errors="0">
  <testcase name="test1" time="4.9" classname="testCases.Logintest"/>
  <testcase name="test2" time="3.571" classname="testCases.Logintest"/>
  <testcase name="test4" time="4.52" classname="testCases.Logintest"/>
</testsuite> <!-- Default test -->
