<?xml version="1.0" encoding="UTF-8"?>
<testng-results skipped="0" failed="0" ignored="0" total="3" passed="3">
  <reporter-output>
  </reporter-output>
  <suite name="Default suite" duration-ms="18564" started-at="2023-06-03T06:42:30 UTC" finished-at="2023-06-03T06:42:48 UTC">
    <groups>
    </groups>
    <test name="Default test" duration-ms="18564" started-at="2023-06-03T06:42:30 UTC" finished-at="2023-06-03T06:42:48 UTC">
      <class name="testCases.Logintest">
        <test-method status="PASS" signature="ReportSetup()[pri:0, instance:testCases.Logintest@46daef40]" name="ReportSetup" is-config="true" duration-ms="492" started-at="2023-06-03T06:42:30 UTC" finished-at="2023-06-03T06:42:30 UTC">
          <reporter-output>
          </reporter-output>
        </test-method> <!-- ReportSetup -->
        <test-method status="PASS" signature="Setup(java.lang.reflect.Method)[pri:0, instance:testCases.Logintest@46daef40]" name="Setup" is-config="true" duration-ms="1731" started-at="2023-06-03T06:42:30 UTC" finished-at="2023-06-03T06:42:32 UTC">
          <params>
            <param index="0">
              <value>
                <![CDATA[public void testCases.Logintest.test1()]]>
              </value>
            </param>
          </params>
          <reporter-output>
          </reporter-output>
        </test-method> <!-- Setup -->
        <test-method status="PASS" signature="test1()[pri:0, instance:testCases.Logintest@46daef40]" name="test1" duration-ms="4900" started-at="2023-06-03T06:42:32 UTC" finished-at="2023-06-03T06:42:37 UTC">
          <reporter-output>
          </reporter-output>
        </test-method> <!-- test1 -->
        <test-method status="PASS" signature="TearDown()[pri:0, instance:testCases.Logintest@46daef40]" name="TearDown" is-config="true" duration-ms="89" started-at="2023-06-03T06:42:37 UTC" finished-at="2023-06-03T06:42:37 UTC">
          <reporter-output>
          </reporter-output>
        </test-method> <!-- TearDown -->
        <test-method status="PASS" signature="Setup(java.lang.reflect.Method)[pri:0, instance:testCases.Logintest@46daef40]" name="Setup" is-config="true" duration-ms="1410" started-at="2023-06-03T06:42:37 UTC" finished-at="2023-06-03T06:42:38 UTC">
          <params>
            <param index="0">
              <value>
                <![CDATA[public void testCases.Logintest.test2()]]>
              </value>
            </param>
          </params>
          <reporter-output>
          </reporter-output>
        </test-method> <!-- Setup -->
        <test-method status="PASS" signature="test2()[pri:0, instance:testCases.Logintest@46daef40]" name="test2" duration-ms="3571" started-at="2023-06-03T06:42:38 UTC" finished-at="2023-06-03T06:42:42 UTC">
          <reporter-output>
          </reporter-output>
        </test-method> <!-- test2 -->
        <test-method status="PASS" signature="TearDown()[pri:0, instance:testCases.Logintest@46daef40]" name="TearDown" is-config="true" duration-ms="72" started-at="2023-06-03T06:42:42 UTC" finished-at="2023-06-03T06:42:42 UTC">
          <reporter-output>
          </reporter-output>
        </test-method> <!-- TearDown -->
        <test-method status="PASS" signature="Setup(java.lang.reflect.Method)[pri:0, instance:testCases.Logintest@46daef40]" name="Setup" is-config="true" duration-ms="1429" started-at="2023-06-03T06:42:42 UTC" finished-at="2023-06-03T06:42:43 UTC">
          <params>
            <param index="0">
              <value>
                <![CDATA[public void testCases.Logintest.test4() throws com.codoid.products.exception.FilloException]]>
              </value>
            </param>
          </params>
          <reporter-output>
          </reporter-output>
        </test-method> <!-- Setup -->
        <test-method status="PASS" signature="test4()[pri:0, instance:testCases.Logintest@46daef40]" name="test4" duration-ms="4520" started-at="2023-06-03T06:42:43 UTC" finished-at="2023-06-03T06:42:48 UTC">
          <reporter-output>
          </reporter-output>
        </test-method> <!-- test4 -->
        <test-method status="PASS" signature="TearDown()[pri:0, instance:testCases.Logintest@46daef40]" name="TearDown" is-config="true" duration-ms="71" started-at="2023-06-03T06:42:48 UTC" finished-at="2023-06-03T06:42:48 UTC">
          <reporter-output>
          </reporter-output>
        </test-method> <!-- TearDown -->
        <test-method status="PASS" signature="ReportClean()[pri:0, instance:testCases.Logintest@46daef40]" name="ReportClean" is-config="true" duration-ms="233" started-at="2023-06-03T06:42:48 UTC" finished-at="2023-06-03T06:42:48 UTC">
          <reporter-output>
          </reporter-output>
        </test-method> <!-- ReportClean -->
      </class> <!-- testCases.Logintest -->
    </test> <!-- Default test -->
  </suite> <!-- Default suite -->
</testng-results>
